# JRE version: OpenJDK Runtime Environment Temurin-17.0.15+6 (17.0.15+6) (build 17.0.15+6)
# Java VM: OpenJDK 64-Bit Server VM Temurin-17.0.15+6 (17.0.15+6, mixed mode, sharing, tiered, compressed oops, compressed class ptrs, g1 gc, windows-amd64)
GC Precious Log:
 CPUs: 4 total, 4 available
 Memory: 8071M
 Large Page Support: Disabled
 NUMA Support: Disabled
 Compressed Oops: Enabled (32-bit)
 Heap Region Size: 1M
 Heap Min Capacity: 8M
 Heap Initial Capacity: 128M
 Heap Max Capacity: 2018M
 Pre-touch: Disabled
 Parallel Workers: 4
 Concurrent Workers: 1
 Concurrent Refinement Workers: 4
 Periodic GC: Disabled
Heap:
 garbage-first heap   total 162816K, used 87908K [0x0000000081e00000, 0x0000000100000000)
  region size 1024K, 45 young (46080K), 4 survivors (4096K)
 Metaspace       used 30468K, committed 30784K, reserved 1114112K
  class space    used 3481K, committed 3584K, reserved 1048576K
GC Heap History (20 events):
Event: 8.228 GC heap before
{Heap before GC invocations=2 (full 0):
 garbage-first heap   total 131072K, used 34571K [0x0000000081e00000, 0x0000000100000000)
  region size 1024K, 31 young (31744K), 1 survivors (1024K)
 Metaspace       used 9669K, committed 9856K, reserved 1114112K
  class space    used 1175K, committed 1280K, reserved 1048576K
}
Event: 8.234 GC heap after
{Heap after GC invocations=3 (full 0):
 garbage-first heap   total 131072K, used 5238K [0x0000000081e00000, 0x0000000100000000)
  region size 1024K, 2 young (2048K), 2 survivors (2048K)
 Metaspace       used 9669K, committed 9856K, reserved 1114112K
  class space    used 1175K, committed 1280K, reserved 1048576K
}
Event: 11.468 GC heap before
{Heap before GC invocations=3 (full 0):
 garbage-first heap   total 131072K, used 81014K [0x0000000081e00000, 0x0000000100000000)
  region size 1024K, 76 young (77824K), 2 survivors (2048K)
 Metaspace       used 15557K, committed 15744K, reserved 1114112K
  class space    used 1853K, committed 1920K, reserved 1048576K
}
Event: 11.493 GC heap after
{Heap after GC invocations=4 (full 0):
 garbage-first heap   total 131072K, used 12744K [0x0000000081e00000, 0x0000000100000000)
  region size 1024K, 10 young (10240K), 10 survivors (10240K)
 Metaspace       used 15557K, committed 15744K, reserved 1114112K
  class space    used 1853K, committed 1920K, reserved 1048576K
}
Event: 14.682 GC heap before
{Heap before GC invocations=4 (full 0):
 garbage-first heap   total 131072K, used 112072K [0x0000000081e00000, 0x0000000100000000)
  region size 1024K, 73 young (74752K), 10 survivors (10240K)
 Metaspace       used 19834K, committed 20160K, reserved 1114112K
  class space    used 2309K, committed 2432K, reserved 1048576K
}
Event: 14.706 GC heap after
{Heap after GC invocations=5 (full 0):
 garbage-first heap   total 131072K, used 17947K [0x0000000081e00000, 0x0000000100000000)
  region size 1024K, 4 young (4096K), 4 survivors (4096K)
 Metaspace       used 19834K, committed 20160K, reserved 1114112K
  class space    used 2309K, committed 2432K, reserved 1048576K
}
Event: 14.890 GC heap before
{Heap before GC invocations=5 (full 0):
 garbage-first heap   total 131072K, used 24091K [0x0000000081e00000, 0x0000000100000000)
  region size 1024K, 9 young (9216K), 4 survivors (4096K)
 Metaspace       used 21268K, committed 21504K, reserved 1114112K
  class space    used 2497K, committed 2624K, reserved 1048576K
}
Event: 14.898 GC heap after
{Heap after GC invocations=6 (full 0):
 garbage-first heap   total 131072K, used 20736K [0x0000000081e00000, 0x0000000100000000)
  region size 1024K, 7 young (7168K), 7 survivors (7168K)
 Metaspace       used 21268K, committed 21504K, reserved 1114112K
  class space    used 2497K, committed 2624K, reserved 1048576K
}
Event: 16.280 GC heap before
{Heap before GC invocations=7 (full 0):
 garbage-first heap   total 75776K, used 51456K [0x0000000081e00000, 0x0000000100000000)
  region size 1024K, 36 young (36864K), 7 survivors (7168K)
 Metaspace       used 25507K, committed 25792K, reserved 1114112K
  class space    used 2960K, committed 3072K, reserved 1048576K
}
Event: 16.304 GC heap after
{Heap after GC invocations=8 (full 0):
 garbage-first heap   total 75776K, used 33346K [0x0000000081e00000, 0x0000000100000000)
  region size 1024K, 6 young (6144K), 6 survivors (6144K)
 Metaspace       used 25507K, committed 25792K, reserved 1114112K
  class space    used 2960K, committed 3072K, reserved 1048576K
}
Event: 16.316 GC heap before
{Heap before GC invocations=8 (full 0):
 garbage-first heap   total 75776K, used 34370K [0x0000000081e00000, 0x0000000100000000)
  region size 1024K, 7 young (7168K), 6 survivors (6144K)
 Metaspace       used 25510K, committed 25792K, reserved 1114112K
  class space    used 2960K, committed 3072K, reserved 1048576K
}
Event: 16.328 GC heap after
{Heap after GC invocations=9 (full 0):
 garbage-first heap   total 75776K, used 34816K [0x0000000081e00000, 0x0000000100000000)
  region size 1024K, 1 young (1024K), 1 survivors (1024K)
 Metaspace       used 25510K, committed 25792K, reserved 1114112K
  class space    used 2960K, committed 3072K, reserved 1048576K
}
Event: 17.034 GC heap before
{Heap before GC invocations=9 (full 0):
 garbage-first heap   total 75776K, used 49152K [0x0000000081e00000, 0x0000000100000000)
  region size 1024K, 16 young (16384K), 1 survivors (1024K)
 Metaspace       used 25917K, committed 26176K, reserved 1114112K
  class space    used 3008K, committed 3136K, reserved 1048576K
}
Event: 17.048 GC heap after
{Heap after GC invocations=10 (full 0):
 garbage-first heap   total 75776K, used 38912K [0x0000000081e00000, 0x0000000100000000)
  region size 1024K, 2 young (2048K), 2 survivors (2048K)
 Metaspace       used 25917K, committed 26176K, reserved 1114112K
  class space    used 3008K, committed 3136K, reserved 1048576K
}
Event: 17.394 GC heap before
{Heap before GC invocations=11 (full 0):
 garbage-first heap   total 75776K, used 53248K [0x0000000081e00000, 0x0000000100000000)
  region size 1024K, 16 young (16384K), 2 survivors (2048K)
 Metaspace       used 26190K, committed 26432K, reserved 1114112K
  class space    used 3026K, committed 3136K, reserved 1048576K
}
Event: 17.408 GC heap after
{Heap after GC invocations=12 (full 0):
 garbage-first heap   total 75776K, used 41921K [0x0000000081e00000, 0x0000000100000000)
  region size 1024K, 2 young (2048K), 2 survivors (2048K)
 Metaspace       used 26190K, committed 26432K, reserved 1114112K
  class space    used 3026K, committed 3136K, reserved 1048576K
}
Event: 17.791 GC heap before
{Heap before GC invocations=12 (full 0):
 garbage-first heap   total 75776K, used 55233K [0x0000000081e00000, 0x0000000100000000)
  region size 1024K, 15 young (15360K), 2 survivors (2048K)
 Metaspace       used 26404K, committed 26752K, reserved 1114112K
  class space    used 3033K, committed 3200K, reserved 1048576K
}
Event: 17.805 GC heap after
{Heap after GC invocations=13 (full 0):
 garbage-first heap   total 162816K, used 44900K [0x0000000081e00000, 0x0000000100000000)
  region size 1024K, 2 young (2048K), 2 survivors (2048K)
 Metaspace       used 26404K, committed 26752K, reserved 1114112K
  class space    used 3033K, committed 3200K, reserved 1048576K
}
Event: 19.583 GC heap before
{Heap before GC invocations=14 (full 0):
 garbage-first heap   total 162816K, used 98148K [0x0000000081e00000, 0x0000000100000000)
  region size 1024K, 55 young (56320K), 2 survivors (2048K)
 Metaspace       used 28591K, committed 28928K, reserved 1114112K
  class space    used 3246K, committed 3392K, reserved 1048576K
}
Event: 19.594 GC heap after
{Heap after GC invocations=15 (full 0):
 garbage-first heap   total 162816K, used 46948K [0x0000000081e00000, 0x0000000100000000)
  region size 1024K, 4 young (4096K), 4 survivors (4096K)
 Metaspace       used 28591K, committed 28928K, reserved 1114112K
  class space    used 3246K, committed 3392K, reserved 1048576K
}

