# JRE version: OpenJDK Runtime Environment Temurin-21.0.7+6 (21.0.7+6) (build 21.0.7+6-LTS)
# Java VM: OpenJDK 64-Bit Server VM Temurin-21.0.7+6 (21.0.7+6-LTS, mixed mode, sharing, tiered, compressed oops, compressed class ptrs, parallel gc, windows-amd64)
GC Precious Log:
 CardTable entry size: 512
 CPUs: 4 total, 4 available
 Memory: 8071M
 Large Page Support: Disabled
 NUMA Support: Disabled
 Compressed Oops: Enabled (32-bit)
 Alignments: Space 512K, Generation 512K, Heap 2M
 Heap Min Capacity: 100M
 Heap Initial Capacity: 100M
 Heap Max Capacity: 2G
 Pre-touch: Disabled
 Parallel Workers: 4
Heap:
 PSYoungGen      total 6656K, used 2262K [0x00000000d5580000, 0x00000000d5c80000, 0x0000000100000000)
  eden space 6144K, 28% used [0x00000000d5580000,0x00000000d573c698,0x00000000d5b80000)
  from space 512K, 94% used [0x00000000d5b80000,0x00000000d5bf9210,0x00000000d5c00000)
  to   space 512K, 0% used [0x00000000d5c00000,0x00000000d5c00000,0x00000000d5c80000)
 ParOldGen       total 1024000K, used 310801K [0x0000000080000000, 0x00000000be800000, 0x00000000d5580000)
  object space 1024000K, 30% used [0x0000000080000000,0x0000000092f845b0,0x00000000be800000)
 Metaspace       used 84145K, committed 85760K, reserved 1179648K
  class space    used 8377K, committed 9152K, reserved 1048576K
GC Heap History (20 events):
Event: 6513.114 GC heap before
{Heap before GC invocations=1872 (full 4):
 PSYoungGen      total 4608K, used 4224K [0x00000000d5580000, 0x00000000d5b00000, 0x0000000100000000)
  eden space 4096K, 100% used [0x00000000d5580000,0x00000000d5980000,0x00000000d5980000)
  from space 512K, 25% used [0x00000000d5a00000,0x00000000d5a20000,0x00000000d5a80000)
  to   space 512K, 0% used [0x00000000d5a80000,0x00000000d5a80000,0x00000000d5b00000)
 ParOldGen       total 1024000K, used 308229K [0x0000000080000000, 0x00000000be800000, 0x00000000d5580000)
  object space 1024000K, 30% used [0x0000000080000000,0x0000000092d015d0,0x00000000be800000)
 Metaspace       used 83908K, committed 85440K, reserved 1179648K
  class space    used 8345K, committed 9088K, reserved 1048576K
}
Event: 6513.116 GC heap after
{Heap after GC invocations=1872 (full 4):
 PSYoungGen      total 4608K, used 180K [0x00000000d5580000, 0x00000000d5b00000, 0x0000000100000000)
  eden space 4096K, 0% used [0x00000000d5580000,0x00000000d5580000,0x00000000d5980000)
  from space 512K, 35% used [0x00000000d5a80000,0x00000000d5aad200,0x00000000d5b00000)
  to   space 512K, 0% used [0x00000000d5a00000,0x00000000d5a00000,0x00000000d5a80000)
 ParOldGen       total 1024000K, used 308245K [0x0000000080000000, 0x00000000be800000, 0x00000000d5580000)
  object space 1024000K, 30% used [0x0000000080000000,0x0000000092d055d0,0x00000000be800000)
 Metaspace       used 83908K, committed 85440K, reserved 1179648K
  class space    used 8345K, committed 9088K, reserved 1048576K
}
Event: 6513.131 GC heap before
{Heap before GC invocations=1873 (full 4):
 PSYoungGen      total 4608K, used 4276K [0x00000000d5580000, 0x00000000d5b00000, 0x0000000100000000)
  eden space 4096K, 100% used [0x00000000d5580000,0x00000000d5980000,0x00000000d5980000)
  from space 512K, 35% used [0x00000000d5a80000,0x00000000d5aad200,0x00000000d5b00000)
  to   space 512K, 0% used [0x00000000d5a00000,0x00000000d5a00000,0x00000000d5a80000)
 ParOldGen       total 1024000K, used 308245K [0x0000000080000000, 0x00000000be800000, 0x00000000d5580000)
  object space 1024000K, 30% used [0x0000000080000000,0x0000000092d055d0,0x00000000be800000)
 Metaspace       used 83908K, committed 85440K, reserved 1179648K
  class space    used 8345K, committed 9088K, reserved 1048576K
}
Event: 6513.134 GC heap after
{Heap after GC invocations=1873 (full 4):
 PSYoungGen      total 4608K, used 512K [0x00000000d5580000, 0x00000000d5b80000, 0x0000000100000000)
  eden space 4096K, 0% used [0x00000000d5580000,0x00000000d5580000,0x00000000d5980000)
  from space 512K, 100% used [0x00000000d5a00000,0x00000000d5a80000,0x00000000d5a80000)
  to   space 1024K, 0% used [0x00000000d5a80000,0x00000000d5a80000,0x00000000d5b80000)
 ParOldGen       total 1024000K, used 308391K [0x0000000080000000, 0x00000000be800000, 0x00000000d5580000)
  object space 1024000K, 30% used [0x0000000080000000,0x0000000092d29c88,0x00000000be800000)
 Metaspace       used 83908K, committed 85440K, reserved 1179648K
  class space    used 8345K, committed 9088K, reserved 1048576K
}
Event: 6513.175 GC heap before
{Heap before GC invocations=1874 (full 4):
 PSYoungGen      total 4608K, used 4608K [0x00000000d5580000, 0x00000000d5b80000, 0x0000000100000000)
  eden space 4096K, 100% used [0x00000000d5580000,0x00000000d5980000,0x00000000d5980000)
  from space 512K, 100% used [0x00000000d5a00000,0x00000000d5a80000,0x00000000d5a80000)
  to   space 1024K, 0% used [0x00000000d5a80000,0x00000000d5a80000,0x00000000d5b80000)
 ParOldGen       total 1024000K, used 308391K [0x0000000080000000, 0x00000000be800000, 0x00000000d5580000)
  object space 1024000K, 30% used [0x0000000080000000,0x0000000092d29c88,0x00000000be800000)
 Metaspace       used 83908K, committed 85440K, reserved 1179648K
  class space    used 8345K, committed 9088K, reserved 1048576K
}
Event: 6513.183 GC heap after
{Heap after GC invocations=1874 (full 4):
 PSYoungGen      total 5120K, used 580K [0x00000000d5580000, 0x00000000d5b80000, 0x0000000100000000)
  eden space 4096K, 0% used [0x00000000d5580000,0x00000000d5580000,0x00000000d5980000)
  from space 1024K, 56% used [0x00000000d5a80000,0x00000000d5b11210,0x00000000d5b80000)
  to   space 1024K, 0% used [0x00000000d5980000,0x00000000d5980000,0x00000000d5a80000)
 ParOldGen       total 1024000K, used 308919K [0x0000000080000000, 0x00000000be800000, 0x00000000d5580000)
  object space 1024000K, 30% used [0x0000000080000000,0x0000000092dadc98,0x00000000be800000)
 Metaspace       used 83908K, committed 85440K, reserved 1179648K
  class space    used 8345K, committed 9088K, reserved 1048576K
}
Event: 6513.657 GC heap before
{Heap before GC invocations=1875 (full 4):
 PSYoungGen      total 5120K, used 4676K [0x00000000d5580000, 0x00000000d5b80000, 0x0000000100000000)
  eden space 4096K, 99% used [0x00000000d5580000,0x00000000d597fff8,0x00000000d5980000)
  from space 1024K, 56% used [0x00000000d5a80000,0x00000000d5b11210,0x00000000d5b80000)
  to   space 1024K, 0% used [0x00000000d5980000,0x00000000d5980000,0x00000000d5a80000)
 ParOldGen       total 1024000K, used 308919K [0x0000000080000000, 0x00000000be800000, 0x00000000d5580000)
  object space 1024000K, 30% used [0x0000000080000000,0x0000000092dadc98,0x00000000be800000)
 Metaspace       used 83969K, committed 85504K, reserved 1179648K
  class space    used 8359K, committed 9088K, reserved 1048576K
}
Event: 6513.660 GC heap after
{Heap after GC invocations=1875 (full 4):
 PSYoungGen      total 5120K, used 457K [0x00000000d5580000, 0x00000000d5b00000, 0x0000000100000000)
  eden space 4096K, 0% used [0x00000000d5580000,0x00000000d5580000,0x00000000d5980000)
  from space 1024K, 44% used [0x00000000d5980000,0x00000000d59f2420,0x00000000d5a80000)
  to   space 512K, 0% used [0x00000000d5a80000,0x00000000d5a80000,0x00000000d5b00000)
 ParOldGen       total 1024000K, used 308995K [0x0000000080000000, 0x00000000be800000, 0x00000000d5580000)
  object space 1024000K, 30% used [0x0000000080000000,0x0000000092dc0f18,0x00000000be800000)
 Metaspace       used 83969K, committed 85504K, reserved 1179648K
  class space    used 8359K, committed 9088K, reserved 1048576K
}
Event: 6513.677 GC heap before
{Heap before GC invocations=1876 (full 4):
 PSYoungGen      total 5120K, used 4553K [0x00000000d5580000, 0x00000000d5b00000, 0x0000000100000000)
  eden space 4096K, 100% used [0x00000000d5580000,0x00000000d5980000,0x00000000d5980000)
  from space 1024K, 44% used [0x00000000d5980000,0x00000000d59f2420,0x00000000d5a80000)
  to   space 512K, 0% used [0x00000000d5a80000,0x00000000d5a80000,0x00000000d5b00000)
 ParOldGen       total 1024000K, used 308995K [0x0000000080000000, 0x00000000be800000, 0x00000000d5580000)
  object space 1024000K, 30% used [0x0000000080000000,0x0000000092dc0f18,0x00000000be800000)
 Metaspace       used 83969K, committed 85504K, reserved 1179648K
  class space    used 8359K, committed 9088K, reserved 1048576K
}
Event: 6513.697 GC heap after
{Heap after GC invocations=1876 (full 4):
 PSYoungGen      total 4608K, used 512K [0x00000000d5580000, 0x00000000d5b80000, 0x0000000100000000)
  eden space 4096K, 0% used [0x00000000d5580000,0x00000000d5580000,0x00000000d5980000)
  from space 512K, 100% used [0x00000000d5a80000,0x00000000d5b00000,0x00000000d5b00000)
  to   space 1024K, 0% used [0x00000000d5980000,0x00000000d5980000,0x00000000d5a80000)
 ParOldGen       total 1024000K, used 309264K [0x0000000080000000, 0x00000000be800000, 0x00000000d5580000)
  object space 1024000K, 30% used [0x0000000080000000,0x0000000092e04318,0x00000000be800000)
 Metaspace       used 83969K, committed 85504K, reserved 1179648K
  class space    used 8359K, committed 9088K, reserved 1048576K
}
Event: 6513.760 GC heap before
{Heap before GC invocations=1877 (full 4):
 PSYoungGen      total 4608K, used 4608K [0x00000000d5580000, 0x00000000d5b80000, 0x0000000100000000)
  eden space 4096K, 100% used [0x00000000d5580000,0x00000000d5980000,0x00000000d5980000)
  from space 512K, 100% used [0x00000000d5a80000,0x00000000d5b00000,0x00000000d5b00000)
  to   space 1024K, 0% used [0x00000000d5980000,0x00000000d5980000,0x00000000d5a80000)
 ParOldGen       total 1024000K, used 309264K [0x0000000080000000, 0x00000000be800000, 0x00000000d5580000)
  object space 1024000K, 30% used [0x0000000080000000,0x0000000092e04318,0x00000000be800000)
 Metaspace       used 83975K, committed 85504K, reserved 1179648K
  class space    used 8360K, committed 9088K, reserved 1048576K
}
Event: 6513.824 GC heap after
{Heap after GC invocations=1877 (full 4):
 PSYoungGen      total 5120K, used 686K [0x00000000d5580000, 0x00000000d5c80000, 0x0000000100000000)
  eden space 4096K, 0% used [0x00000000d5580000,0x00000000d5580000,0x00000000d5980000)
  from space 1024K, 67% used [0x00000000d5980000,0x00000000d5a2bb00,0x00000000d5a80000)
  to   space 1024K, 0% used [0x00000000d5b80000,0x00000000d5b80000,0x00000000d5c80000)
 ParOldGen       total 1024000K, used 309760K [0x0000000080000000, 0x00000000be800000, 0x00000000d5580000)
  object space 1024000K, 30% used [0x0000000080000000,0x0000000092e80318,0x00000000be800000)
 Metaspace       used 83975K, committed 85504K, reserved 1179648K
  class space    used 8360K, committed 9088K, reserved 1048576K
}
Event: 6513.847 GC heap before
{Heap before GC invocations=1878 (full 4):
 PSYoungGen      total 5120K, used 4782K [0x00000000d5580000, 0x00000000d5c80000, 0x0000000100000000)
  eden space 4096K, 100% used [0x00000000d5580000,0x00000000d5980000,0x00000000d5980000)
  from space 1024K, 67% used [0x00000000d5980000,0x00000000d5a2bb00,0x00000000d5a80000)
  to   space 1024K, 0% used [0x00000000d5b80000,0x00000000d5b80000,0x00000000d5c80000)
 ParOldGen       total 1024000K, used 309760K [0x0000000080000000, 0x00000000be800000, 0x00000000d5580000)
  object space 1024000K, 30% used [0x0000000080000000,0x0000000092e80318,0x00000000be800000)
 Metaspace       used 83975K, committed 85504K, reserved 1179648K
  class space    used 8360K, committed 9088K, reserved 1048576K
}
Event: 6513.860 GC heap after
{Heap after GC invocations=1878 (full 4):
 PSYoungGen      total 6144K, used 501K [0x00000000d5580000, 0x00000000d5c80000, 0x0000000100000000)
  eden space 5120K, 0% used [0x00000000d5580000,0x00000000d5580000,0x00000000d5a80000)
  from space 1024K, 48% used [0x00000000d5b80000,0x00000000d5bfd608,0x00000000d5c80000)
  to   space 1024K, 0% used [0x00000000d5a80000,0x00000000d5a80000,0x00000000d5b80000)
 ParOldGen       total 1024000K, used 309937K [0x0000000080000000, 0x00000000be800000, 0x00000000d5580000)
  object space 1024000K, 30% used [0x0000000080000000,0x0000000092eac798,0x00000000be800000)
 Metaspace       used 83975K, committed 85504K, reserved 1179648K
  class space    used 8360K, committed 9088K, reserved 1048576K
}
Event: 6514.151 GC heap before
{Heap before GC invocations=1879 (full 4):
 PSYoungGen      total 6144K, used 5621K [0x00000000d5580000, 0x00000000d5c80000, 0x0000000100000000)
  eden space 5120K, 100% used [0x00000000d5580000,0x00000000d5a80000,0x00000000d5a80000)
  from space 1024K, 48% used [0x00000000d5b80000,0x00000000d5bfd608,0x00000000d5c80000)
  to   space 1024K, 0% used [0x00000000d5a80000,0x00000000d5a80000,0x00000000d5b80000)
 ParOldGen       total 1024000K, used 309937K [0x0000000080000000, 0x00000000be800000, 0x00000000d5580000)
  object space 1024000K, 30% used [0x0000000080000000,0x0000000092eac798,0x00000000be800000)
 Metaspace       used 83976K, committed 85504K, reserved 1179648K
  class space    used 8360K, committed 9088K, reserved 1048576K
}
Event: 6514.203 GC heap after
{Heap after GC invocations=1879 (full 4):
 PSYoungGen      total 6144K, used 442K [0x00000000d5580000, 0x00000000d5c80000, 0x0000000100000000)
  eden space 5120K, 0% used [0x00000000d5580000,0x00000000d5580000,0x00000000d5a80000)
  from space 1024K, 43% used [0x00000000d5a80000,0x00000000d5aee900,0x00000000d5b80000)
  to   space 512K, 0% used [0x00000000d5c00000,0x00000000d5c00000,0x00000000d5c80000)
 ParOldGen       total 1024000K, used 309945K [0x0000000080000000, 0x00000000be800000, 0x00000000d5580000)
  object space 1024000K, 30% used [0x0000000080000000,0x0000000092eae798,0x00000000be800000)
 Metaspace       used 83976K, committed 85504K, reserved 1179648K
  class space    used 8360K, committed 9088K, reserved 1048576K
}
Event: 6514.234 GC heap before
{Heap before GC invocations=1880 (full 4):
 PSYoungGen      total 6144K, used 5494K [0x00000000d5580000, 0x00000000d5c80000, 0x0000000100000000)
  eden space 5120K, 98% used [0x00000000d5580000,0x00000000d5a6f268,0x00000000d5a80000)
  from space 1024K, 43% used [0x00000000d5a80000,0x00000000d5aee900,0x00000000d5b80000)
  to   space 512K, 0% used [0x00000000d5c00000,0x00000000d5c00000,0x00000000d5c80000)
 ParOldGen       total 1024000K, used 309945K [0x0000000080000000, 0x00000000be800000, 0x00000000d5580000)
  object space 1024000K, 30% used [0x0000000080000000,0x0000000092eae798,0x00000000be800000)
 Metaspace       used 83976K, committed 85504K, reserved 1179648K
  class space    used 8360K, committed 9088K, reserved 1048576K
}
Event: 6514.236 GC heap after
{Heap after GC invocations=1880 (full 4):
 PSYoungGen      total 6656K, used 154K [0x00000000d5580000, 0x00000000d5c80000, 0x0000000100000000)
  eden space 6144K, 0% used [0x00000000d5580000,0x00000000d5580000,0x00000000d5b80000)
  from space 512K, 30% used [0x00000000d5c00000,0x00000000d5c26900,0x00000000d5c80000)
  to   space 512K, 0% used [0x00000000d5b80000,0x00000000d5b80000,0x00000000d5c00000)
 ParOldGen       total 1024000K, used 309969K [0x0000000080000000, 0x00000000be800000, 0x00000000d5580000)
  object space 1024000K, 30% used [0x0000000080000000,0x0000000092eb4798,0x00000000be800000)
 Metaspace       used 83976K, committed 85504K, reserved 1179648K
  class space    used 8360K, committed 9088K, reserved 1048576K
}
Event: 6514.733 GC heap before
{Heap before GC invocations=1881 (full 4):
 PSYoungGen      total 6656K, used 6298K [0x00000000d5580000, 0x00000000d5c80000, 0x0000000100000000)
  eden space 6144K, 100% used [0x00000000d5580000,0x00000000d5b80000,0x00000000d5b80000)
  from space 512K, 30% used [0x00000000d5c00000,0x00000000d5c26900,0x00000000d5c80000)
  to   space 512K, 0% used [0x00000000d5b80000,0x00000000d5b80000,0x00000000d5c00000)
 ParOldGen       total 1024000K, used 309969K [0x0000000080000000, 0x00000000be800000, 0x00000000d5580000)
  object space 1024000K, 30% used [0x0000000080000000,0x0000000092eb4798,0x00000000be800000)
 Metaspace       used 83981K, committed 85504K, reserved 1179648K
  class space    used 8361K, committed 9088K, reserved 1048576K
}
Event: 6514.734 GC heap after
{Heap after GC invocations=1881 (full 4):
 PSYoungGen      total 6656K, used 128K [0x00000000d5580000, 0x00000000d5c80000, 0x0000000100000000)
  eden space 6144K, 0% used [0x00000000d5580000,0x00000000d5580000,0x00000000d5b80000)
  from space 512K, 25% used [0x00000000d5b80000,0x00000000d5ba0000,0x00000000d5c00000)
  to   space 512K, 0% used [0x00000000d5c00000,0x00000000d5c00000,0x00000000d5c80000)
 ParOldGen       total 1024000K, used 309993K [0x0000000080000000, 0x00000000be800000, 0x00000000d5580000)
  object space 1024000K, 30% used [0x0000000080000000,0x0000000092eba798,0x00000000be800000)
 Metaspace       used 83981K, committed 85504K, reserved 1179648K
  class space    used 8361K, committed 9088K, reserved 1048576K
}

