# JRE version: OpenJDK Runtime Environment Temurin-21.0.7+6 (21.0.7+6) (build 21.0.7+6-LTS)
# Java VM: OpenJDK 64-Bit Server VM Temurin-21.0.7+6 (21.0.7+6-LTS, mixed mode, sharing, tiered, compressed oops, compressed class ptrs, parallel gc, windows-amd64)
GC Precious Log:
 CardTable entry size: 512
 CPUs: 4 total, 4 available
 Memory: 8071M
 Large Page Support: Disabled
 NUMA Support: Disabled
 Compressed Oops: Enabled (32-bit)
 Alignments: Space 512K, Generation 512K, Heap 2M
 Heap Min Capacity: 100M
 Heap Initial Capacity: 100M
 Heap Max Capacity: 2G
 Pre-touch: Disabled
 Parallel Workers: 4
Heap:
 PSYoungGen      total 3584K, used 687K [0x00000000d5580000, 0x00000000d5a00000, 0x0000000100000000)
  eden space 3072K, 17% used [0x00000000d5580000,0x00000000d5603fc0,0x00000000d5880000)
  from space 512K, 31% used [0x00000000d5980000,0x00000000d59a8000,0x00000000d5a00000)
  to   space 512K, 0% used [0x00000000d5900000,0x00000000d5900000,0x00000000d5980000)
 ParOldGen       total 850944K, used 850714K [0x0000000080000000, 0x00000000b3f00000, 0x00000000d5580000)
  object space 850944K, 99% used [0x0000000080000000,0x00000000b3ec69f8,0x00000000b3f00000)
 Metaspace       used 73831K, committed 75520K, reserved 1179648K
  class space    used 7481K, committed 8256K, reserved 1048576K
GC Heap History (20 events):
Event: 487.440 GC heap before
{Heap before GC invocations=1354 (full 3):
 PSYoungGen      total 3072K, used 2874K [0x00000000d5580000, 0x00000000d5900000, 0x0000000100000000)
  eden space 2560K, 100% used [0x00000000d5580000,0x00000000d5800000,0x00000000d5800000)
  from space 512K, 61% used [0x00000000d5880000,0x00000000d58ce900,0x00000000d5900000)
  to   space 512K, 0% used [0x00000000d5800000,0x00000000d5800000,0x00000000d5880000)
 ParOldGen       total 848896K, used 848835K [0x0000000080000000, 0x00000000b3d00000, 0x00000000d5580000)
  object space 848896K, 99% used [0x0000000080000000,0x00000000b3cf0fd8,0x00000000b3d00000)
 Metaspace       used 73544K, committed 75136K, reserved 1179648K
  class space    used 7468K, committed 8192K, reserved 1048576K
}
Event: 487.443 GC heap after
{Heap after GC invocations=1354 (full 3):
 PSYoungGen      total 3072K, used 448K [0x00000000d5580000, 0x00000000d5900000, 0x0000000100000000)
  eden space 2560K, 0% used [0x00000000d5580000,0x00000000d5580000,0x00000000d5800000)
  from space 512K, 87% used [0x00000000d5800000,0x00000000d5870000,0x00000000d5880000)
  to   space 512K, 0% used [0x00000000d5880000,0x00000000d5880000,0x00000000d5900000)
 ParOldGen       total 849408K, used 849016K [0x0000000080000000, 0x00000000b3d80000, 0x00000000d5580000)
  object space 849408K, 99% used [0x0000000080000000,0x00000000b3d1e1d8,0x00000000b3d80000)
 Metaspace       used 73544K, committed 75136K, reserved 1179648K
  class space    used 7468K, committed 8192K, reserved 1048576K
}
Event: 487.467 GC heap before
{Heap before GC invocations=1355 (full 3):
 PSYoungGen      total 3072K, used 3008K [0x00000000d5580000, 0x00000000d5900000, 0x0000000100000000)
  eden space 2560K, 100% used [0x00000000d5580000,0x00000000d5800000,0x00000000d5800000)
  from space 512K, 87% used [0x00000000d5800000,0x00000000d5870000,0x00000000d5880000)
  to   space 512K, 0% used [0x00000000d5880000,0x00000000d5880000,0x00000000d5900000)
 ParOldGen       total 849408K, used 849016K [0x0000000080000000, 0x00000000b3d80000, 0x00000000d5580000)
  object space 849408K, 99% used [0x0000000080000000,0x00000000b3d1e1d8,0x00000000b3d80000)
 Metaspace       used 73621K, committed 75264K, reserved 1179648K
  class space    used 7474K, committed 8256K, reserved 1048576K
}
Event: 487.473 GC heap after
{Heap after GC invocations=1355 (full 3):
 PSYoungGen      total 3072K, used 244K [0x00000000d5580000, 0x00000000d5900000, 0x0000000100000000)
  eden space 2560K, 0% used [0x00000000d5580000,0x00000000d5580000,0x00000000d5800000)
  from space 512K, 47% used [0x00000000d5880000,0x00000000d58bd200,0x00000000d5900000)
  to   space 512K, 0% used [0x00000000d5800000,0x00000000d5800000,0x00000000d5880000)
 ParOldGen       total 849408K, used 849056K [0x0000000080000000, 0x00000000b3d80000, 0x00000000d5580000)
  object space 849408K, 99% used [0x0000000080000000,0x00000000b3d281d8,0x00000000b3d80000)
 Metaspace       used 73621K, committed 75264K, reserved 1179648K
  class space    used 7474K, committed 8256K, reserved 1048576K
}
Event: 487.477 GC heap before
{Heap before GC invocations=1356 (full 3):
 PSYoungGen      total 3072K, used 2804K [0x00000000d5580000, 0x00000000d5900000, 0x0000000100000000)
  eden space 2560K, 100% used [0x00000000d5580000,0x00000000d5800000,0x00000000d5800000)
  from space 512K, 47% used [0x00000000d5880000,0x00000000d58bd200,0x00000000d5900000)
  to   space 512K, 0% used [0x00000000d5800000,0x00000000d5800000,0x00000000d5880000)
 ParOldGen       total 849408K, used 849056K [0x0000000080000000, 0x00000000b3d80000, 0x00000000d5580000)
  object space 849408K, 99% used [0x0000000080000000,0x00000000b3d281d8,0x00000000b3d80000)
 Metaspace       used 73621K, committed 75264K, reserved 1179648K
  class space    used 7474K, committed 8256K, reserved 1048576K
}
Event: 487.481 GC heap after
{Heap after GC invocations=1356 (full 3):
 PSYoungGen      total 3072K, used 384K [0x00000000d5580000, 0x00000000d5980000, 0x0000000100000000)
  eden space 2560K, 0% used [0x00000000d5580000,0x00000000d5580000,0x00000000d5800000)
  from space 512K, 75% used [0x00000000d5800000,0x00000000d5860000,0x00000000d5880000)
  to   space 512K, 0% used [0x00000000d5900000,0x00000000d5900000,0x00000000d5980000)
 ParOldGen       total 849408K, used 849209K [0x0000000080000000, 0x00000000b3d80000, 0x00000000d5580000)
  object space 849408K, 99% used [0x0000000080000000,0x00000000b3d4e5d8,0x00000000b3d80000)
 Metaspace       used 73621K, committed 75264K, reserved 1179648K
  class space    used 7474K, committed 8256K, reserved 1048576K
}
Event: 487.558 GC heap before
{Heap before GC invocations=1357 (full 3):
 PSYoungGen      total 3072K, used 2944K [0x00000000d5580000, 0x00000000d5980000, 0x0000000100000000)
  eden space 2560K, 100% used [0x00000000d5580000,0x00000000d5800000,0x00000000d5800000)
  from space 512K, 75% used [0x00000000d5800000,0x00000000d5860000,0x00000000d5880000)
  to   space 512K, 0% used [0x00000000d5900000,0x00000000d5900000,0x00000000d5980000)
 ParOldGen       total 849408K, used 849209K [0x0000000080000000, 0x00000000b3d80000, 0x00000000d5580000)
  object space 849408K, 99% used [0x0000000080000000,0x00000000b3d4e5d8,0x00000000b3d80000)
 Metaspace       used 73665K, committed 75328K, reserved 1179648K
  class space    used 7480K, committed 8256K, reserved 1048576K
}
Event: 487.561 GC heap after
{Heap after GC invocations=1357 (full 3):
 PSYoungGen      total 3584K, used 436K [0x00000000d5580000, 0x00000000d5980000, 0x0000000100000000)
  eden space 3072K, 0% used [0x00000000d5580000,0x00000000d5580000,0x00000000d5880000)
  from space 512K, 85% used [0x00000000d5900000,0x00000000d596d200,0x00000000d5980000)
  to   space 512K, 0% used [0x00000000d5880000,0x00000000d5880000,0x00000000d5900000)
 ParOldGen       total 849920K, used 849537K [0x0000000080000000, 0x00000000b3e00000, 0x00000000d5580000)
  object space 849920K, 99% used [0x0000000080000000,0x00000000b3da05d8,0x00000000b3e00000)
 Metaspace       used 73665K, committed 75328K, reserved 1179648K
  class space    used 7480K, committed 8256K, reserved 1048576K
}
Event: 487.637 GC heap before
{Heap before GC invocations=1358 (full 3):
 PSYoungGen      total 3584K, used 3508K [0x00000000d5580000, 0x00000000d5980000, 0x0000000100000000)
  eden space 3072K, 100% used [0x00000000d5580000,0x00000000d5880000,0x00000000d5880000)
  from space 512K, 85% used [0x00000000d5900000,0x00000000d596d200,0x00000000d5980000)
  to   space 512K, 0% used [0x00000000d5880000,0x00000000d5880000,0x00000000d5900000)
 ParOldGen       total 849920K, used 849537K [0x0000000080000000, 0x00000000b3e00000, 0x00000000d5580000)
  object space 849920K, 99% used [0x0000000080000000,0x00000000b3da05d8,0x00000000b3e00000)
 Metaspace       used 73669K, committed 75328K, reserved 1179648K
  class space    used 7480K, committed 8256K, reserved 1048576K
}
Event: 487.641 GC heap after
{Heap after GC invocations=1358 (full 3):
 PSYoungGen      total 3584K, used 500K [0x00000000d5580000, 0x00000000d5a80000, 0x0000000100000000)
  eden space 3072K, 0% used [0x00000000d5580000,0x00000000d5580000,0x00000000d5880000)
  from space 512K, 97% used [0x00000000d5880000,0x00000000d58fd200,0x00000000d5900000)
  to   space 1024K, 0% used [0x00000000d5980000,0x00000000d5980000,0x00000000d5a80000)
 ParOldGen       total 850432K, used 849933K [0x0000000080000000, 0x00000000b3e80000, 0x00000000d5580000)
  object space 850432K, 99% used [0x0000000080000000,0x00000000b3e037e8,0x00000000b3e80000)
 Metaspace       used 73669K, committed 75328K, reserved 1179648K
  class space    used 7480K, committed 8256K, reserved 1048576K
}
Event: 527.357 GC heap before
{Heap before GC invocations=1359 (full 3):
 PSYoungGen      total 3584K, used 3572K [0x00000000d5580000, 0x00000000d5a80000, 0x0000000100000000)
  eden space 3072K, 100% used [0x00000000d5580000,0x00000000d5880000,0x00000000d5880000)
  from space 512K, 97% used [0x00000000d5880000,0x00000000d58fd200,0x00000000d5900000)
  to   space 1024K, 0% used [0x00000000d5980000,0x00000000d5980000,0x00000000d5a80000)
 ParOldGen       total 850432K, used 849933K [0x0000000080000000, 0x00000000b3e80000, 0x00000000d5580000)
  object space 850432K, 99% used [0x0000000080000000,0x00000000b3e037e8,0x00000000b3e80000)
 Metaspace       used 73719K, committed 75392K, reserved 1179648K
  class space    used 7480K, committed 8256K, reserved 1048576K
}
Event: 527.361 GC heap after
{Heap after GC invocations=1359 (full 3):
 PSYoungGen      total 4096K, used 340K [0x00000000d5580000, 0x00000000d5a80000, 0x0000000100000000)
  eden space 3072K, 0% used [0x00000000d5580000,0x00000000d5580000,0x00000000d5880000)
  from space 1024K, 33% used [0x00000000d5980000,0x00000000d59d5200,0x00000000d5a80000)
  to   space 1024K, 0% used [0x00000000d5880000,0x00000000d5880000,0x00000000d5980000)
 ParOldGen       total 850432K, used 849981K [0x0000000080000000, 0x00000000b3e80000, 0x00000000d5580000)
  object space 850432K, 99% used [0x0000000080000000,0x00000000b3e0f7e8,0x00000000b3e80000)
 Metaspace       used 73719K, committed 75392K, reserved 1179648K
  class space    used 7480K, committed 8256K, reserved 1048576K
}
Event: 527.386 GC heap before
{Heap before GC invocations=1360 (full 3):
 PSYoungGen      total 4096K, used 3412K [0x00000000d5580000, 0x00000000d5a80000, 0x0000000100000000)
  eden space 3072K, 100% used [0x00000000d5580000,0x00000000d5880000,0x00000000d5880000)
  from space 1024K, 33% used [0x00000000d5980000,0x00000000d59d5200,0x00000000d5a80000)
  to   space 1024K, 0% used [0x00000000d5880000,0x00000000d5880000,0x00000000d5980000)
 ParOldGen       total 850432K, used 849981K [0x0000000080000000, 0x00000000b3e80000, 0x00000000d5580000)
  object space 850432K, 99% used [0x0000000080000000,0x00000000b3e0f7e8,0x00000000b3e80000)
 Metaspace       used 73720K, committed 75456K, reserved 1179648K
  class space    used 7480K, committed 8256K, reserved 1048576K
}
Event: 527.388 GC heap after
{Heap after GC invocations=1360 (full 3):
 PSYoungGen      total 4096K, used 592K [0x00000000d5580000, 0x00000000d5a80000, 0x0000000100000000)
  eden space 3072K, 0% used [0x00000000d5580000,0x00000000d5580000,0x00000000d5880000)
  from space 1024K, 57% used [0x00000000d5880000,0x00000000d5914010,0x00000000d5980000)
  to   space 1024K, 0% used [0x00000000d5980000,0x00000000d5980000,0x00000000d5a80000)
 ParOldGen       total 850432K, used 850162K [0x0000000080000000, 0x00000000b3e80000, 0x00000000d5580000)
  object space 850432K, 99% used [0x0000000080000000,0x00000000b3e3c9e8,0x00000000b3e80000)
 Metaspace       used 73720K, committed 75456K, reserved 1179648K
  class space    used 7480K, committed 8256K, reserved 1048576K
}
Event: 527.412 GC heap before
{Heap before GC invocations=1361 (full 3):
 PSYoungGen      total 4096K, used 3664K [0x00000000d5580000, 0x00000000d5a80000, 0x0000000100000000)
  eden space 3072K, 100% used [0x00000000d5580000,0x00000000d5880000,0x00000000d5880000)
  from space 1024K, 57% used [0x00000000d5880000,0x00000000d5914010,0x00000000d5980000)
  to   space 1024K, 0% used [0x00000000d5980000,0x00000000d5980000,0x00000000d5a80000)
 ParOldGen       total 850432K, used 850162K [0x0000000080000000, 0x00000000b3e80000, 0x00000000d5580000)
  object space 850432K, 99% used [0x0000000080000000,0x00000000b3e3c9e8,0x00000000b3e80000)
 Metaspace       used 73720K, committed 75456K, reserved 1179648K
  class space    used 7480K, committed 8256K, reserved 1048576K
}
Event: 527.414 GC heap after
{Heap after GC invocations=1361 (full 3):
 PSYoungGen      total 4096K, used 500K [0x00000000d5580000, 0x00000000d5a80000, 0x0000000100000000)
  eden space 3072K, 0% used [0x00000000d5580000,0x00000000d5580000,0x00000000d5880000)
  from space 1024K, 48% used [0x00000000d5980000,0x00000000d59fd200,0x00000000d5a80000)
  to   space 1024K, 0% used [0x00000000d5880000,0x00000000d5880000,0x00000000d5980000)
 ParOldGen       total 850944K, used 850674K [0x0000000080000000, 0x00000000b3f00000, 0x00000000d5580000)
  object space 850944K, 99% used [0x0000000080000000,0x00000000b3ebc9f8,0x00000000b3f00000)
 Metaspace       used 73720K, committed 75456K, reserved 1179648K
  class space    used 7480K, committed 8256K, reserved 1048576K
}
Event: 527.972 GC heap before
{Heap before GC invocations=1362 (full 3):
 PSYoungGen      total 4096K, used 3572K [0x00000000d5580000, 0x00000000d5a80000, 0x0000000100000000)
  eden space 3072K, 100% used [0x00000000d5580000,0x00000000d5880000,0x00000000d5880000)
  from space 1024K, 48% used [0x00000000d5980000,0x00000000d59fd200,0x00000000d5a80000)
  to   space 1024K, 0% used [0x00000000d5880000,0x00000000d5880000,0x00000000d5980000)
 ParOldGen       total 850944K, used 850674K [0x0000000080000000, 0x00000000b3f00000, 0x00000000d5580000)
  object space 850944K, 99% used [0x0000000080000000,0x00000000b3ebc9f8,0x00000000b3f00000)
 Metaspace       used 73764K, committed 75456K, reserved 1179648K
  class space    used 7480K, committed 8256K, reserved 1048576K
}
Event: 527.974 GC heap after
{Heap after GC invocations=1362 (full 3):
 PSYoungGen      total 4096K, used 154K [0x00000000d5580000, 0x00000000d5a00000, 0x0000000100000000)
  eden space 3072K, 0% used [0x00000000d5580000,0x00000000d5580000,0x00000000d5880000)
  from space 1024K, 15% used [0x00000000d5880000,0x00000000d58a6900,0x00000000d5980000)
  to   space 512K, 0% used [0x00000000d5980000,0x00000000d5980000,0x00000000d5a00000)
 ParOldGen       total 850944K, used 850682K [0x0000000080000000, 0x00000000b3f00000, 0x00000000d5580000)
  object space 850944K, 99% used [0x0000000080000000,0x00000000b3ebe9f8,0x00000000b3f00000)
 Metaspace       used 73764K, committed 75456K, reserved 1179648K
  class space    used 7480K, committed 8256K, reserved 1048576K
}
Event: 528.015 GC heap before
{Heap before GC invocations=1363 (full 3):
 PSYoungGen      total 4096K, used 3226K [0x00000000d5580000, 0x00000000d5a00000, 0x0000000100000000)
  eden space 3072K, 100% used [0x00000000d5580000,0x00000000d5880000,0x00000000d5880000)
  from space 1024K, 15% used [0x00000000d5880000,0x00000000d58a6900,0x00000000d5980000)
  to   space 512K, 0% used [0x00000000d5980000,0x00000000d5980000,0x00000000d5a00000)
 ParOldGen       total 850944K, used 850682K [0x0000000080000000, 0x00000000b3f00000, 0x00000000d5580000)
  object space 850944K, 99% used [0x0000000080000000,0x00000000b3ebe9f8,0x00000000b3f00000)
 Metaspace       used 73818K, committed 75520K, reserved 1179648K
  class space    used 7480K, committed 8256K, reserved 1048576K
}
Event: 528.017 GC heap after
{Heap after GC invocations=1363 (full 3):
 PSYoungGen      total 3584K, used 160K [0x00000000d5580000, 0x00000000d5a00000, 0x0000000100000000)
  eden space 3072K, 0% used [0x00000000d5580000,0x00000000d5580000,0x00000000d5880000)
  from space 512K, 31% used [0x00000000d5980000,0x00000000d59a8000,0x00000000d5a00000)
  to   space 512K, 0% used [0x00000000d5900000,0x00000000d5900000,0x00000000d5980000)
 ParOldGen       total 850944K, used 850714K [0x0000000080000000, 0x00000000b3f00000, 0x00000000d5580000)
  object space 850944K, 99% used [0x0000000080000000,0x00000000b3ec69f8,0x00000000b3f00000)
 Metaspace       used 73818K, committed 75520K, reserved 1179648K
  class space    used 7480K, committed 8256K, reserved 1048576K
}

