# JRE version: OpenJDK Runtime Environment Temurin-21.0.7+6 (21.0.7+6) (build 21.0.7+6-LTS)
# Java VM: OpenJDK 64-Bit Server VM Temurin-21.0.7+6 (21.0.7+6-LTS, mixed mode, sharing, tiered, compressed oops, compressed class ptrs, parallel gc, windows-amd64)
GC Precious Log:
 CardTable entry size: 512
 CPUs: 4 total, 4 available
 Memory: 8071M
 Large Page Support: Disabled
 NUMA Support: Disabled
 Compressed Oops: Enabled (32-bit)
 Alignments: Space 512K, Generation 512K, Heap 2M
 Heap Min Capacity: 100M
 Heap Initial Capacity: 100M
 Heap Max Capacity: 2G
 Pre-touch: Disabled
 Parallel Workers: 4
Heap:
 PSYoungGen      total 8192K, used 4994K [0x00000000d5580000, 0x00000000d5e00000, 0x0000000100000000)
  eden space 7168K, 64% used [0x00000000d5580000,0x00000000d5a0a2b8,0x00000000d5c80000)
  from space 1024K, 33% used [0x00000000d5c80000,0x00000000d5cd6900,0x00000000d5d80000)
  to   space 512K, 0% used [0x00000000d5d80000,0x00000000d5d80000,0x00000000d5e00000)
 ParOldGen       total 1253376K, used 1253043K [0x0000000080000000, 0x00000000cc800000, 0x00000000d5580000)
  object space 1253376K, 99% used [0x0000000080000000,0x00000000cc7ace70,0x00000000cc800000)
 Metaspace       used 81400K, committed 83136K, reserved 1179648K
  class space    used 7915K, committed 8768K, reserved 1048576K
GC Heap History (20 events):
Event: 427.160 GC heap before
{Heap before GC invocations=2477 (full 4):
 PSYoungGen      total 7680K, used 6965K [0x00000000d5580000, 0x00000000d5e00000, 0x0000000100000000)
  eden space 7168K, 93% used [0x00000000d5580000,0x00000000d5c0d5e0,0x00000000d5c80000)
  from space 512K, 50% used [0x00000000d5d80000,0x00000000d5dc0000,0x00000000d5e00000)
  to   space 512K, 0% used [0x00000000d5c80000,0x00000000d5c80000,0x00000000d5d00000)
 ParOldGen       total 1250304K, used 1250272K [0x0000000080000000, 0x00000000cc500000, 0x00000000d5580000)
  object space 1250304K, 99% used [0x0000000080000000,0x00000000cc4f83f0,0x00000000cc500000)
 Metaspace       used 81390K, committed 83136K, reserved 1179648K
  class space    used 7915K, committed 8768K, reserved 1048576K
}
Event: 427.163 GC heap after
{Heap after GC invocations=2477 (full 4):
 PSYoungGen      total 7680K, used 128K [0x00000000d5580000, 0x00000000d5e00000, 0x0000000100000000)
  eden space 7168K, 0% used [0x00000000d5580000,0x00000000d5580000,0x00000000d5c80000)
  from space 512K, 25% used [0x00000000d5c80000,0x00000000d5ca0000,0x00000000d5d00000)
  to   space 512K, 0% used [0x00000000d5d80000,0x00000000d5d80000,0x00000000d5e00000)
 ParOldGen       total 1250816K, used 1250448K [0x0000000080000000, 0x00000000cc580000, 0x00000000d5580000)
  object space 1250816K, 99% used [0x0000000080000000,0x00000000cc5243f0,0x00000000cc580000)
 Metaspace       used 81390K, committed 83136K, reserved 1179648K
  class space    used 7915K, committed 8768K, reserved 1048576K
}
Event: 427.185 GC heap before
{Heap before GC invocations=2478 (full 4):
 PSYoungGen      total 7680K, used 6635K [0x00000000d5580000, 0x00000000d5e00000, 0x0000000100000000)
  eden space 7168K, 90% used [0x00000000d5580000,0x00000000d5bdae40,0x00000000d5c80000)
  from space 512K, 25% used [0x00000000d5c80000,0x00000000d5ca0000,0x00000000d5d00000)
  to   space 512K, 0% used [0x00000000d5d80000,0x00000000d5d80000,0x00000000d5e00000)
 ParOldGen       total 1250816K, used 1250448K [0x0000000080000000, 0x00000000cc580000, 0x00000000d5580000)
  object space 1250816K, 99% used [0x0000000080000000,0x00000000cc5243f0,0x00000000cc580000)
 Metaspace       used 81390K, committed 83136K, reserved 1179648K
  class space    used 7915K, committed 8768K, reserved 1048576K
}
Event: 427.188 GC heap after
{Heap after GC invocations=2478 (full 4):
 PSYoungGen      total 7680K, used 128K [0x00000000d5580000, 0x00000000d5e00000, 0x0000000100000000)
  eden space 7168K, 0% used [0x00000000d5580000,0x00000000d5580000,0x00000000d5c80000)
  from space 512K, 25% used [0x00000000d5d80000,0x00000000d5da0000,0x00000000d5e00000)
  to   space 512K, 0% used [0x00000000d5c80000,0x00000000d5c80000,0x00000000d5d00000)
 ParOldGen       total 1250816K, used 1250520K [0x0000000080000000, 0x00000000cc580000, 0x00000000d5580000)
  object space 1250816K, 99% used [0x0000000080000000,0x00000000cc5363f0,0x00000000cc580000)
 Metaspace       used 81390K, committed 83136K, reserved 1179648K
  class space    used 7915K, committed 8768K, reserved 1048576K
}
Event: 427.211 GC heap before
{Heap before GC invocations=2479 (full 4):
 PSYoungGen      total 7680K, used 6741K [0x00000000d5580000, 0x00000000d5e00000, 0x0000000100000000)
  eden space 7168K, 92% used [0x00000000d5580000,0x00000000d5bf5780,0x00000000d5c80000)
  from space 512K, 25% used [0x00000000d5d80000,0x00000000d5da0000,0x00000000d5e00000)
  to   space 512K, 0% used [0x00000000d5c80000,0x00000000d5c80000,0x00000000d5d00000)
 ParOldGen       total 1250816K, used 1250520K [0x0000000080000000, 0x00000000cc580000, 0x00000000d5580000)
  object space 1250816K, 99% used [0x0000000080000000,0x00000000cc5363f0,0x00000000cc580000)
 Metaspace       used 81390K, committed 83136K, reserved 1179648K
  class space    used 7915K, committed 8768K, reserved 1048576K
}
Event: 427.215 GC heap after
{Heap after GC invocations=2479 (full 4):
 PSYoungGen      total 7680K, used 128K [0x00000000d5580000, 0x00000000d5e00000, 0x0000000100000000)
  eden space 7168K, 0% used [0x00000000d5580000,0x00000000d5580000,0x00000000d5c80000)
  from space 512K, 25% used [0x00000000d5c80000,0x00000000d5ca0000,0x00000000d5d00000)
  to   space 512K, 0% used [0x00000000d5d80000,0x00000000d5d80000,0x00000000d5e00000)
 ParOldGen       total 1250816K, used 1250568K [0x0000000080000000, 0x00000000cc580000, 0x00000000d5580000)
  object space 1250816K, 99% used [0x0000000080000000,0x00000000cc5423f0,0x00000000cc580000)
 Metaspace       used 81390K, committed 83136K, reserved 1179648K
  class space    used 7915K, committed 8768K, reserved 1048576K
}
Event: 427.236 GC heap before
{Heap before GC invocations=2480 (full 4):
 PSYoungGen      total 7680K, used 7276K [0x00000000d5580000, 0x00000000d5e00000, 0x0000000100000000)
  eden space 7168K, 99% used [0x00000000d5580000,0x00000000d5c7b288,0x00000000d5c80000)
  from space 512K, 25% used [0x00000000d5c80000,0x00000000d5ca0000,0x00000000d5d00000)
  to   space 512K, 0% used [0x00000000d5d80000,0x00000000d5d80000,0x00000000d5e00000)
 ParOldGen       total 1250816K, used 1250568K [0x0000000080000000, 0x00000000cc580000, 0x00000000d5580000)
  object space 1250816K, 99% used [0x0000000080000000,0x00000000cc5423f0,0x00000000cc580000)
 Metaspace       used 81390K, committed 83136K, reserved 1179648K
  class space    used 7915K, committed 8768K, reserved 1048576K
}
Event: 427.239 GC heap after
{Heap after GC invocations=2480 (full 4):
 PSYoungGen      total 7680K, used 128K [0x00000000d5580000, 0x00000000d5e00000, 0x0000000100000000)
  eden space 7168K, 0% used [0x00000000d5580000,0x00000000d5580000,0x00000000d5c80000)
  from space 512K, 25% used [0x00000000d5d80000,0x00000000d5da0000,0x00000000d5e00000)
  to   space 512K, 0% used [0x00000000d5c80000,0x00000000d5c80000,0x00000000d5d00000)
 ParOldGen       total 1252864K, used 1252145K [0x0000000080000000, 0x00000000cc780000, 0x00000000d5580000)
  object space 1252864K, 99% used [0x0000000080000000,0x00000000cc6cc7b0,0x00000000cc780000)
 Metaspace       used 81390K, committed 83136K, reserved 1179648K
  class space    used 7915K, committed 8768K, reserved 1048576K
}
Event: 427.261 GC heap before
{Heap before GC invocations=2481 (full 4):
 PSYoungGen      total 7680K, used 7036K [0x00000000d5580000, 0x00000000d5e00000, 0x0000000100000000)
  eden space 7168K, 96% used [0x00000000d5580000,0x00000000d5c3f0f8,0x00000000d5c80000)
  from space 512K, 25% used [0x00000000d5d80000,0x00000000d5da0000,0x00000000d5e00000)
  to   space 512K, 0% used [0x00000000d5c80000,0x00000000d5c80000,0x00000000d5d00000)
 ParOldGen       total 1252864K, used 1252145K [0x0000000080000000, 0x00000000cc780000, 0x00000000d5580000)
  object space 1252864K, 99% used [0x0000000080000000,0x00000000cc6cc7b0,0x00000000cc780000)
 Metaspace       used 81390K, committed 83136K, reserved 1179648K
  class space    used 7915K, committed 8768K, reserved 1048576K
}
Event: 427.266 GC heap after
{Heap after GC invocations=2481 (full 4):
 PSYoungGen      total 7680K, used 128K [0x00000000d5580000, 0x00000000d5e00000, 0x0000000100000000)
  eden space 7168K, 0% used [0x00000000d5580000,0x00000000d5580000,0x00000000d5c80000)
  from space 512K, 25% used [0x00000000d5c80000,0x00000000d5ca0000,0x00000000d5d00000)
  to   space 512K, 0% used [0x00000000d5d80000,0x00000000d5d80000,0x00000000d5e00000)
 ParOldGen       total 1252864K, used 1252177K [0x0000000080000000, 0x00000000cc780000, 0x00000000d5580000)
  object space 1252864K, 99% used [0x0000000080000000,0x00000000cc6d47b0,0x00000000cc780000)
 Metaspace       used 81390K, committed 83136K, reserved 1179648K
  class space    used 7915K, committed 8768K, reserved 1048576K
}
Event: 427.288 GC heap before
{Heap before GC invocations=2482 (full 4):
 PSYoungGen      total 7680K, used 6665K [0x00000000d5580000, 0x00000000d5e00000, 0x0000000100000000)
  eden space 7168K, 91% used [0x00000000d5580000,0x00000000d5be2738,0x00000000d5c80000)
  from space 512K, 25% used [0x00000000d5c80000,0x00000000d5ca0000,0x00000000d5d00000)
  to   space 512K, 0% used [0x00000000d5d80000,0x00000000d5d80000,0x00000000d5e00000)
 ParOldGen       total 1252864K, used 1252177K [0x0000000080000000, 0x00000000cc780000, 0x00000000d5580000)
  object space 1252864K, 99% used [0x0000000080000000,0x00000000cc6d47b0,0x00000000cc780000)
 Metaspace       used 81390K, committed 83136K, reserved 1179648K
  class space    used 7915K, committed 8768K, reserved 1048576K
}
Event: 427.294 GC heap after
{Heap after GC invocations=2482 (full 4):
 PSYoungGen      total 7680K, used 96K [0x00000000d5580000, 0x00000000d5e00000, 0x0000000100000000)
  eden space 7168K, 0% used [0x00000000d5580000,0x00000000d5580000,0x00000000d5c80000)
  from space 512K, 18% used [0x00000000d5d80000,0x00000000d5d98000,0x00000000d5e00000)
  to   space 512K, 0% used [0x00000000d5c80000,0x00000000d5c80000,0x00000000d5d00000)
 ParOldGen       total 1252864K, used 1252273K [0x0000000080000000, 0x00000000cc780000, 0x00000000d5580000)
  object space 1252864K, 99% used [0x0000000080000000,0x00000000cc6ec7b0,0x00000000cc780000)
 Metaspace       used 81390K, committed 83136K, reserved 1179648K
  class space    used 7915K, committed 8768K, reserved 1048576K
}
Event: 427.319 GC heap before
{Heap before GC invocations=2483 (full 4):
 PSYoungGen      total 7680K, used 6571K [0x00000000d5580000, 0x00000000d5e00000, 0x0000000100000000)
  eden space 7168K, 90% used [0x00000000d5580000,0x00000000d5bd2ee0,0x00000000d5c80000)
  from space 512K, 18% used [0x00000000d5d80000,0x00000000d5d98000,0x00000000d5e00000)
  to   space 512K, 0% used [0x00000000d5c80000,0x00000000d5c80000,0x00000000d5d00000)
 ParOldGen       total 1252864K, used 1252273K [0x0000000080000000, 0x00000000cc780000, 0x00000000d5580000)
  object space 1252864K, 99% used [0x0000000080000000,0x00000000cc6ec7b0,0x00000000cc780000)
 Metaspace       used 81390K, committed 83136K, reserved 1179648K
  class space    used 7915K, committed 8768K, reserved 1048576K
}
Event: 427.324 GC heap after
{Heap after GC invocations=2483 (full 4):
 PSYoungGen      total 7680K, used 128K [0x00000000d5580000, 0x00000000d5e00000, 0x0000000100000000)
  eden space 7168K, 0% used [0x00000000d5580000,0x00000000d5580000,0x00000000d5c80000)
  from space 512K, 25% used [0x00000000d5c80000,0x00000000d5ca0000,0x00000000d5d00000)
  to   space 512K, 0% used [0x00000000d5d80000,0x00000000d5d80000,0x00000000d5e00000)
 ParOldGen       total 1252864K, used 1252329K [0x0000000080000000, 0x00000000cc780000, 0x00000000d5580000)
  object space 1252864K, 99% used [0x0000000080000000,0x00000000cc6fa7b0,0x00000000cc780000)
 Metaspace       used 81390K, committed 83136K, reserved 1179648K
  class space    used 7915K, committed 8768K, reserved 1048576K
}
Event: 427.350 GC heap before
{Heap before GC invocations=2484 (full 4):
 PSYoungGen      total 7680K, used 6999K [0x00000000d5580000, 0x00000000d5e00000, 0x0000000100000000)
  eden space 7168K, 95% used [0x00000000d5580000,0x00000000d5c35de0,0x00000000d5c80000)
  from space 512K, 25% used [0x00000000d5c80000,0x00000000d5ca0000,0x00000000d5d00000)
  to   space 512K, 0% used [0x00000000d5d80000,0x00000000d5d80000,0x00000000d5e00000)
 ParOldGen       total 1252864K, used 1252329K [0x0000000080000000, 0x00000000cc780000, 0x00000000d5580000)
  object space 1252864K, 99% used [0x0000000080000000,0x00000000cc6fa7b0,0x00000000cc780000)
 Metaspace       used 81390K, committed 83136K, reserved 1179648K
  class space    used 7915K, committed 8768K, reserved 1048576K
}
Event: 427.354 GC heap after
{Heap after GC invocations=2484 (full 4):
 PSYoungGen      total 7680K, used 160K [0x00000000d5580000, 0x00000000d5e00000, 0x0000000100000000)
  eden space 7168K, 0% used [0x00000000d5580000,0x00000000d5580000,0x00000000d5c80000)
  from space 512K, 31% used [0x00000000d5d80000,0x00000000d5da8000,0x00000000d5e00000)
  to   space 512K, 0% used [0x00000000d5c80000,0x00000000d5c80000,0x00000000d5d00000)
 ParOldGen       total 1252864K, used 1252385K [0x0000000080000000, 0x00000000cc780000, 0x00000000d5580000)
  object space 1252864K, 99% used [0x0000000080000000,0x00000000cc7087b0,0x00000000cc780000)
 Metaspace       used 81390K, committed 83136K, reserved 1179648K
  class space    used 7915K, committed 8768K, reserved 1048576K
}
Event: 427.377 GC heap before
{Heap before GC invocations=2485 (full 4):
 PSYoungGen      total 7680K, used 6726K [0x00000000d5580000, 0x00000000d5e00000, 0x0000000100000000)
  eden space 7168K, 91% used [0x00000000d5580000,0x00000000d5be9b80,0x00000000d5c80000)
  from space 512K, 31% used [0x00000000d5d80000,0x00000000d5da8000,0x00000000d5e00000)
  to   space 512K, 0% used [0x00000000d5c80000,0x00000000d5c80000,0x00000000d5d00000)
 ParOldGen       total 1252864K, used 1252385K [0x0000000080000000, 0x00000000cc780000, 0x00000000d5580000)
  object space 1252864K, 99% used [0x0000000080000000,0x00000000cc7087b0,0x00000000cc780000)
 Metaspace       used 81390K, committed 83136K, reserved 1179648K
  class space    used 7915K, committed 8768K, reserved 1048576K
}
Event: 427.383 GC heap after
{Heap after GC invocations=2485 (full 4):
 PSYoungGen      total 7680K, used 128K [0x00000000d5580000, 0x00000000d5e00000, 0x0000000100000000)
  eden space 7168K, 0% used [0x00000000d5580000,0x00000000d5580000,0x00000000d5c80000)
  from space 512K, 25% used [0x00000000d5c80000,0x00000000d5ca0000,0x00000000d5d00000)
  to   space 512K, 0% used [0x00000000d5d80000,0x00000000d5d80000,0x00000000d5e00000)
 ParOldGen       total 1252864K, used 1252497K [0x0000000080000000, 0x00000000cc780000, 0x00000000d5580000)
  object space 1252864K, 99% used [0x0000000080000000,0x00000000cc7247b0,0x00000000cc780000)
 Metaspace       used 81390K, committed 83136K, reserved 1179648K
  class space    used 7915K, committed 8768K, reserved 1048576K
}
Event: 427.413 GC heap before
{Heap before GC invocations=2486 (full 4):
 PSYoungGen      total 7680K, used 7296K [0x00000000d5580000, 0x00000000d5e00000, 0x0000000100000000)
  eden space 7168K, 100% used [0x00000000d5580000,0x00000000d5c80000,0x00000000d5c80000)
  from space 512K, 25% used [0x00000000d5c80000,0x00000000d5ca0000,0x00000000d5d00000)
  to   space 512K, 0% used [0x00000000d5d80000,0x00000000d5d80000,0x00000000d5e00000)
 ParOldGen       total 1252864K, used 1252497K [0x0000000080000000, 0x00000000cc780000, 0x00000000d5580000)
  object space 1252864K, 99% used [0x0000000080000000,0x00000000cc7247b0,0x00000000cc780000)
 Metaspace       used 81391K, committed 83136K, reserved 1179648K
  class space    used 7915K, committed 8768K, reserved 1048576K
}
Event: 427.418 GC heap after
{Heap after GC invocations=2486 (full 4):
 PSYoungGen      total 7680K, used 500K [0x00000000d5580000, 0x00000000d5e80000, 0x0000000100000000)
  eden space 7168K, 0% used [0x00000000d5580000,0x00000000d5580000,0x00000000d5c80000)
  from space 512K, 97% used [0x00000000d5d80000,0x00000000d5dfd200,0x00000000d5e00000)
  to   space 1024K, 0% used [0x00000000d5c80000,0x00000000d5c80000,0x00000000d5d80000)
 ParOldGen       total 1252864K, used 1252593K [0x0000000080000000, 0x00000000cc780000, 0x00000000d5580000)
  object space 1252864K, 99% used [0x0000000080000000,0x00000000cc73c7b0,0x00000000cc780000)
 Metaspace       used 81391K, committed 83136K, reserved 1179648K
  class space    used 7915K, committed 8768K, reserved 1048576K
}

